  
  Microsoft (R) Program Maintenance Utility Version 10.00.30319.01
  Copyright (C) Microsoft Corporation.  All rights reserved.
  
  	doit.bat
  
  C:\crusso\scalablejoins\Doc>pdflatex tutorial.tex 
  This is pdfTeX, Version 3.1415926-1.40.10 (MiKTeX 2.8)
  entering extended mode
  (C:\crusso\scalablejoins\Doc\tutorial.tex
  LaTeX2e <2009/09/24>
  Babel <v3.8l> and hyphenation patterns for english, dumylang, nohyphenation, ge
  rman, ngerman, german-x-2009-06-19, ngerman-x-2009-06-19, french, loaded.
  ("C:\Program Files\MiKTeX 2.8\tex\latex\base\article.cls"
  Document Class: article 2007/10/19 v1.4h Standard LaTeX document class
  ("C:\Program Files\MiKTeX 2.8\tex\latex\base\size10.clo"))
  ("C:\Program Files\MiKTeX 2.8\tex\latex\hyperref\hyperref.sty"
  ("C:\Program Files\MiKTeX 2.8\tex\latex\graphics\keyval.sty")
  ("C:\Program Files\MiKTeX 2.8\tex\generic\oberdiek\ifpdf.sty")
  ("C:\Program Files\MiKTeX 2.8\tex\generic\oberdiek\ifvtex.sty")
  ("C:\Program Files\MiKTeX 2.8\tex\latex\ifxetex\ifxetex.sty")
  ("C:\Program Files\MiKTeX 2.8\tex\latex\oberdiek\hycolor.sty"
  ("C:\Program Files\MiKTeX 2.8\tex\latex\oberdiek\xcolor-patch.sty"))
  ("C:\Program Files\MiKTeX 2.8\tex\latex\hyperref\pd1enc.def")
  ("C:\Program Files\MiKTeX 2.8\tex\generic\oberdiek\etexcmds.sty"
  ("C:\Program Files\MiKTeX 2.8\tex\generic\oberdiek\infwarerr.sty"))
  ("C:\Program Files\MiKTeX 2.8\tex\latex\00miktex\hyperref.cfg")
  ("C:\Program Files\MiKTeX 2.8\tex\latex\oberdiek\kvoptions.sty"
  ("C:\Program Files\MiKTeX 2.8\tex\generic\oberdiek\kvsetkeys.sty"))
  Implicit mode ON; LaTeX internals redefined
  ("C:\Program Files\MiKTeX 2.8\tex\latex\ltxmisc\url.sty")
  ("C:\Program Files\MiKTeX 2.8\tex\generic\oberdiek\bitset.sty"
  ("C:\Program Files\MiKTeX 2.8\tex\generic\oberdiek\intcalc.sty")
  ("C:\Program Files\MiKTeX 2.8\tex\generic\oberdiek\bigintcalc.sty"
  ("C:\Program Files\MiKTeX 2.8\tex\generic\oberdiek\pdftexcmds.sty"
  ("C:\Program Files\MiKTeX 2.8\tex\generic\oberdiek\ifluatex.sty")
  ("C:\Program Files\MiKTeX 2.8\tex\generic\oberdiek\ltxcmds.sty"))))
  ("C:\Program Files\MiKTeX 2.8\tex\generic\oberdiek\atbegshi.sty"))
  *hyperref using default driver hpdftex*
  ("C:\Program Files\MiKTeX 2.8\tex\latex\hyperref\hpdftex.def")
  ("C:\Program Files\MiKTeX 2.8\tex\latex\graphics\color.sty"
  ("C:\Program Files\MiKTeX 2.8\tex\latex\00miktex\color.cfg")
  ("C:\Program Files\MiKTeX 2.8\tex\latex\pdftex-def\pdftex.def")
  ("C:\Program Files\MiKTeX 2.8\tex\latex\graphics\dvipsnam.def"))
  ("C:\Program Files\MiKTeX 2.8\tex\latex\listings\listings.sty"
  ("C:\Program Files\MiKTeX 2.8\tex\latex\listings\lstmisc.sty")
  ("C:\Program Files\MiKTeX 2.8\tex\latex\listings\listings.cfg"))
  ("C:\Program Files\MiKTeX 2.8\tex\latex\ltxmisc\a4wide.sty"
  ("C:\Program Files\MiKTeX 2.8\tex\latex\ntgclass\a4.sty"))
  (C:\crusso\scalablejoins\Doc\tutorial.aux
  
EXEC : LaTeX warning : Label `sec:dynamicjoins' multiply defined.
  
  ) ("C:\Program Files\MiKTeX 2.8\tex\latex\hyperref\nameref.sty"
  ("C:\Program Files\MiKTeX 2.8\tex\latex\oberdiek\refcount.sty"))
  (C:\crusso\scalablejoins\Doc\tutorial.out)
  (C:\crusso\scalablejoins\Doc\tutorial.out)
  ("C:\Program Files\MiKTeX 2.8\tex\context\base\supp-pdf.tex"
  [Loading MPS to PDF converter (version 2006.09.02).]
  ) [1{C:/ProgramData/MiKTeX/2.8/pdftex/config/pdftex.map}]
  ("C:\Program Files\MiKTeX 2.8\tex\latex\listings\lstlang1.sty") [2] [3]
  ("C:\Program Files\MiKTeX 2.8\tex\latex\base\omscmr.fd")
  Underfull \hbox (badness 1715) in paragraph at lines 407--407
  [][][]\OT1/cmr/m/n/8 Languages that do not sup-port \OT1/cmtt/m/n/8 out \OT1/cm
  r/m/n/8 pa-ram-e-ters can use al-ter-na-tive meth-ods \OT1/cmtt/m/n/8 CreateCha
  nnel() \OT1/cmr/m/n/8 and
  [4] [5] [6] [7] [8] [9] [10] [11] [12] [13] [14]
  (C:\crusso\scalablejoins\Doc\tutorial.bbl
  Underfull \hbox (badness 3078) in paragraph at lines 9--13
  []\OT1/cmr/m/n/10 N. Ben-ton.  Jin-gle bells: Solv-ing the Santa Claus prob-lem
   in Poly-phonic [],
  [15]) [16] (C:\crusso\scalablejoins\Doc\tutorial.aux)
  
EXEC : LaTeX warning : There were multiply-defined labels.
  
   )
  (see the transcript file for additional information)<C:/Program Files/MiKTeX 2.
  8/fonts/type1/public/amsfonts/cm/cmbx10.pfb><C:/Program Files/MiKTeX 2.8/fonts/
  type1/public/amsfonts/cm/cmbx12.pfb><C:/Program Files/MiKTeX 2.8/fonts/type1/pu
  blic/amsfonts/cm/cmitt10.pfb><C:/Program Files/MiKTeX 2.8/fonts/type1/public/am
  sfonts/cm/cmmi10.pfb><C:/Program Files/MiKTeX 2.8/fonts/type1/public/amsfonts/c
  m/cmmi7.pfb><C:/Program Files/MiKTeX 2.8/fonts/type1/public/amsfonts/cm/cmmi8.p
  fb><C:/Program Files/MiKTeX 2.8/fonts/type1/public/amsfonts/cm/cmr10.pfb><C:/Pr
  ogram Files/MiKTeX 2.8/fonts/type1/public/amsfonts/cm/cmr12.pfb><C:/Program Fil
  es/MiKTeX 2.8/fonts/type1/public/amsfonts/cm/cmr17.pfb><C:/Program Files/MiKTeX
   2.8/fonts/type1/public/amsfonts/cm/cmr6.pfb><C:/Program Files/MiKTeX 2.8/fonts
  /type1/public/amsfonts/cm/cmr7.pfb><C:/Program Files/MiKTeX 2.8/fonts/type1/pub
  lic/amsfonts/cm/cmr8.pfb><C:/Program Files/MiKTeX 2.8/fonts/type1/public/amsfon
  ts/cm/cmsy10.pfb><C:/Program Files/MiKTeX 2.8/fonts/type1/public/amsfonts/cm/cm
  ti10.pfb><C:/Program Files/MiKTeX 2.8/fonts/type1/public/amsfonts/cm/cmtt10.pfb
  ><C:/Program Files/MiKTeX 2.8/fonts/type1/public/amsfonts/cm/cmtt12.pfb><C:/Pro
  gram Files/MiKTeX 2.8/fonts/type1/public/amsfonts/cm/cmtt8.pfb><C:/Program File
  s/MiKTeX 2.8/fonts/type1/public/amsfonts/cm/cmtt9.pfb>
  Output written on tutorial.pdf (16 pages, 357861 bytes).
  Transcript written on tutorial.log.
  
  C:\crusso\scalablejoins\Doc>bibtex tutorial 
  This is BibTeX, Version 0.99c (MiKTeX 2.8)
  The top-level auxiliary file: tutorial.aux
  The style file: plain.bst
  Database file #1: tutorial.bib
  Warning--string name "acm" is undefined
  --line 4 of file tutorial.bib
  Warning--string name "sv" is undefined
  --line 129 of file tutorial.bib
  (There were 2 warnings)
  
  C:\crusso\scalablejoins\Doc>pdflatex tutorial.tex 
  This is pdfTeX, Version 3.1415926-1.40.10 (MiKTeX 2.8)
  entering extended mode
  (C:\crusso\scalablejoins\Doc\tutorial.tex
  LaTeX2e <2009/09/24>
  Babel <v3.8l> and hyphenation patterns for english, dumylang, nohyphenation, ge
  rman, ngerman, german-x-2009-06-19, ngerman-x-2009-06-19, french, loaded.
  ("C:\Program Files\MiKTeX 2.8\tex\latex\base\article.cls"
  Document Class: article 2007/10/19 v1.4h Standard LaTeX document class
  ("C:\Program Files\MiKTeX 2.8\tex\latex\base\size10.clo"))
  ("C:\Program Files\MiKTeX 2.8\tex\latex\hyperref\hyperref.sty"
  ("C:\Program Files\MiKTeX 2.8\tex\latex\graphics\keyval.sty")
  ("C:\Program Files\MiKTeX 2.8\tex\generic\oberdiek\ifpdf.sty")
  ("C:\Program Files\MiKTeX 2.8\tex\generic\oberdiek\ifvtex.sty")
  ("C:\Program Files\MiKTeX 2.8\tex\latex\ifxetex\ifxetex.sty")
  ("C:\Program Files\MiKTeX 2.8\tex\latex\oberdiek\hycolor.sty"
  ("C:\Program Files\MiKTeX 2.8\tex\latex\oberdiek\xcolor-patch.sty"))
  ("C:\Program Files\MiKTeX 2.8\tex\latex\hyperref\pd1enc.def")
  ("C:\Program Files\MiKTeX 2.8\tex\generic\oberdiek\etexcmds.sty"
  ("C:\Program Files\MiKTeX 2.8\tex\generic\oberdiek\infwarerr.sty"))
  ("C:\Program Files\MiKTeX 2.8\tex\latex\00miktex\hyperref.cfg")
  ("C:\Program Files\MiKTeX 2.8\tex\latex\oberdiek\kvoptions.sty"
  ("C:\Program Files\MiKTeX 2.8\tex\generic\oberdiek\kvsetkeys.sty"))
  Implicit mode ON; LaTeX internals redefined
  ("C:\Program Files\MiKTeX 2.8\tex\latex\ltxmisc\url.sty")
  ("C:\Program Files\MiKTeX 2.8\tex\generic\oberdiek\bitset.sty"
  ("C:\Program Files\MiKTeX 2.8\tex\generic\oberdiek\intcalc.sty")
  ("C:\Program Files\MiKTeX 2.8\tex\generic\oberdiek\bigintcalc.sty"
  ("C:\Program Files\MiKTeX 2.8\tex\generic\oberdiek\pdftexcmds.sty"
  ("C:\Program Files\MiKTeX 2.8\tex\generic\oberdiek\ifluatex.sty")
  ("C:\Program Files\MiKTeX 2.8\tex\generic\oberdiek\ltxcmds.sty"))))
  ("C:\Program Files\MiKTeX 2.8\tex\generic\oberdiek\atbegshi.sty"))
  *hyperref using default driver hpdftex*
  ("C:\Program Files\MiKTeX 2.8\tex\latex\hyperref\hpdftex.def")
  ("C:\Program Files\MiKTeX 2.8\tex\latex\graphics\color.sty"
  ("C:\Program Files\MiKTeX 2.8\tex\latex\00miktex\color.cfg")
  ("C:\Program Files\MiKTeX 2.8\tex\latex\pdftex-def\pdftex.def")
  ("C:\Program Files\MiKTeX 2.8\tex\latex\graphics\dvipsnam.def"))
  ("C:\Program Files\MiKTeX 2.8\tex\latex\listings\listings.sty"
  ("C:\Program Files\MiKTeX 2.8\tex\latex\listings\lstmisc.sty")
  ("C:\Program Files\MiKTeX 2.8\tex\latex\listings\listings.cfg"))
  ("C:\Program Files\MiKTeX 2.8\tex\latex\ltxmisc\a4wide.sty"
  ("C:\Program Files\MiKTeX 2.8\tex\latex\ntgclass\a4.sty"))
  (C:\crusso\scalablejoins\Doc\tutorial.aux
  
EXEC : LaTeX warning : Label `sec:dynamicjoins' multiply defined.
  
  ) ("C:\Program Files\MiKTeX 2.8\tex\latex\hyperref\nameref.sty"
  ("C:\Program Files\MiKTeX 2.8\tex\latex\oberdiek\refcount.sty"))
  (C:\crusso\scalablejoins\Doc\tutorial.out)
  (C:\crusso\scalablejoins\Doc\tutorial.out)
  ("C:\Program Files\MiKTeX 2.8\tex\context\base\supp-pdf.tex"
  [Loading MPS to PDF converter (version 2006.09.02).]
  ) [1{C:/ProgramData/MiKTeX/2.8/pdftex/config/pdftex.map}]
  ("C:\Program Files\MiKTeX 2.8\tex\latex\listings\lstlang1.sty") [2] [3]
  ("C:\Program Files\MiKTeX 2.8\tex\latex\base\omscmr.fd")
  Underfull \hbox (badness 1715) in paragraph at lines 407--407
  [][][]\OT1/cmr/m/n/8 Languages that do not sup-port \OT1/cmtt/m/n/8 out \OT1/cm
  r/m/n/8 pa-ram-e-ters can use al-ter-na-tive meth-ods \OT1/cmtt/m/n/8 CreateCha
  nnel() \OT1/cmr/m/n/8 and
  [4] [5] [6] [7] [8] [9] [10] [11] [12] [13] [14]
  (C:\crusso\scalablejoins\Doc\tutorial.bbl
  Underfull \hbox (badness 3078) in paragraph at lines 9--13
  []\OT1/cmr/m/n/10 N. Ben-ton.  Jin-gle bells: Solv-ing the Santa Claus prob-lem
   in Poly-phonic [],
  [15]) [16] (C:\crusso\scalablejoins\Doc\tutorial.aux)
  
EXEC : LaTeX warning : There were multiply-defined labels.
  
   )
  (see the transcript file for additional information)<C:/Program Files/MiKTeX 2.
  8/fonts/type1/public/amsfonts/cm/cmbx10.pfb><C:/Program Files/MiKTeX 2.8/fonts/
  type1/public/amsfonts/cm/cmbx12.pfb><C:/Program Files/MiKTeX 2.8/fonts/type1/pu
  blic/amsfonts/cm/cmitt10.pfb><C:/Program Files/MiKTeX 2.8/fonts/type1/public/am
  sfonts/cm/cmmi10.pfb><C:/Program Files/MiKTeX 2.8/fonts/type1/public/amsfonts/c
  m/cmmi7.pfb><C:/Program Files/MiKTeX 2.8/fonts/type1/public/amsfonts/cm/cmmi8.p
  fb><C:/Program Files/MiKTeX 2.8/fonts/type1/public/amsfonts/cm/cmr10.pfb><C:/Pr
  ogram Files/MiKTeX 2.8/fonts/type1/public/amsfonts/cm/cmr12.pfb><C:/Program Fil
  es/MiKTeX 2.8/fonts/type1/public/amsfonts/cm/cmr17.pfb><C:/Program Files/MiKTeX
   2.8/fonts/type1/public/amsfonts/cm/cmr6.pfb><C:/Program Files/MiKTeX 2.8/fonts
  /type1/public/amsfonts/cm/cmr7.pfb><C:/Program Files/MiKTeX 2.8/fonts/type1/pub
  lic/amsfonts/cm/cmr8.pfb><C:/Program Files/MiKTeX 2.8/fonts/type1/public/amsfon
  ts/cm/cmsy10.pfb><C:/Program Files/MiKTeX 2.8/fonts/type1/public/amsfonts/cm/cm
  ti10.pfb><C:/Program Files/MiKTeX 2.8/fonts/type1/public/amsfonts/cm/cmtt10.pfb
  ><C:/Program Files/MiKTeX 2.8/fonts/type1/public/amsfonts/cm/cmtt12.pfb><C:/Pro
  gram Files/MiKTeX 2.8/fonts/type1/public/amsfonts/cm/cmtt8.pfb><C:/Program File
  s/MiKTeX 2.8/fonts/type1/public/amsfonts/cm/cmtt9.pfb>
  Output written on tutorial.pdf (16 pages, 357861 bytes).
  Transcript written on tutorial.log.
  
  C:\crusso\scalablejoins\Doc>pdflatex tutorial.tex 
  This is pdfTeX, Version 3.1415926-1.40.10 (MiKTeX 2.8)
  entering extended mode
  (C:\crusso\scalablejoins\Doc\tutorial.tex
  LaTeX2e <2009/09/24>
  Babel <v3.8l> and hyphenation patterns for english, dumylang, nohyphenation, ge
  rman, ngerman, german-x-2009-06-19, ngerman-x-2009-06-19, french, loaded.
  ("C:\Program Files\MiKTeX 2.8\tex\latex\base\article.cls"
  Document Class: article 2007/10/19 v1.4h Standard LaTeX document class
  ("C:\Program Files\MiKTeX 2.8\tex\latex\base\size10.clo"))
  ("C:\Program Files\MiKTeX 2.8\tex\latex\hyperref\hyperref.sty"
  ("C:\Program Files\MiKTeX 2.8\tex\latex\graphics\keyval.sty")
  ("C:\Program Files\MiKTeX 2.8\tex\generic\oberdiek\ifpdf.sty")
  ("C:\Program Files\MiKTeX 2.8\tex\generic\oberdiek\ifvtex.sty")
  ("C:\Program Files\MiKTeX 2.8\tex\latex\ifxetex\ifxetex.sty")
  ("C:\Program Files\MiKTeX 2.8\tex\latex\oberdiek\hycolor.sty"
  ("C:\Program Files\MiKTeX 2.8\tex\latex\oberdiek\xcolor-patch.sty"))
  ("C:\Program Files\MiKTeX 2.8\tex\latex\hyperref\pd1enc.def")
  ("C:\Program Files\MiKTeX 2.8\tex\generic\oberdiek\etexcmds.sty"
  ("C:\Program Files\MiKTeX 2.8\tex\generic\oberdiek\infwarerr.sty"))
  ("C:\Program Files\MiKTeX 2.8\tex\latex\00miktex\hyperref.cfg")
  ("C:\Program Files\MiKTeX 2.8\tex\latex\oberdiek\kvoptions.sty"
  ("C:\Program Files\MiKTeX 2.8\tex\generic\oberdiek\kvsetkeys.sty"))
  Implicit mode ON; LaTeX internals redefined
  ("C:\Program Files\MiKTeX 2.8\tex\latex\ltxmisc\url.sty")
  ("C:\Program Files\MiKTeX 2.8\tex\generic\oberdiek\bitset.sty"
  ("C:\Program Files\MiKTeX 2.8\tex\generic\oberdiek\intcalc.sty")
  ("C:\Program Files\MiKTeX 2.8\tex\generic\oberdiek\bigintcalc.sty"
  ("C:\Program Files\MiKTeX 2.8\tex\generic\oberdiek\pdftexcmds.sty"
  ("C:\Program Files\MiKTeX 2.8\tex\generic\oberdiek\ifluatex.sty")
  ("C:\Program Files\MiKTeX 2.8\tex\generic\oberdiek\ltxcmds.sty"))))
  ("C:\Program Files\MiKTeX 2.8\tex\generic\oberdiek\atbegshi.sty"))
  *hyperref using default driver hpdftex*
  ("C:\Program Files\MiKTeX 2.8\tex\latex\hyperref\hpdftex.def")
  ("C:\Program Files\MiKTeX 2.8\tex\latex\graphics\color.sty"
  ("C:\Program Files\MiKTeX 2.8\tex\latex\00miktex\color.cfg")
  ("C:\Program Files\MiKTeX 2.8\tex\latex\pdftex-def\pdftex.def")
  ("C:\Program Files\MiKTeX 2.8\tex\latex\graphics\dvipsnam.def"))
  ("C:\Program Files\MiKTeX 2.8\tex\latex\listings\listings.sty"
  ("C:\Program Files\MiKTeX 2.8\tex\latex\listings\lstmisc.sty")
  ("C:\Program Files\MiKTeX 2.8\tex\latex\listings\listings.cfg"))
  ("C:\Program Files\MiKTeX 2.8\tex\latex\ltxmisc\a4wide.sty"
  ("C:\Program Files\MiKTeX 2.8\tex\latex\ntgclass\a4.sty"))
  (C:\crusso\scalablejoins\Doc\tutorial.aux
  
EXEC : LaTeX warning : Label `sec:dynamicjoins' multiply defined.
  
  ) ("C:\Program Files\MiKTeX 2.8\tex\latex\hyperref\nameref.sty"
  ("C:\Program Files\MiKTeX 2.8\tex\latex\oberdiek\refcount.sty"))
  (C:\crusso\scalablejoins\Doc\tutorial.out)
  (C:\crusso\scalablejoins\Doc\tutorial.out)
  ("C:\Program Files\MiKTeX 2.8\tex\context\base\supp-pdf.tex"
  [Loading MPS to PDF converter (version 2006.09.02).]
  ) [1{C:/ProgramData/MiKTeX/2.8/pdftex/config/pdftex.map}]
  ("C:\Program Files\MiKTeX 2.8\tex\latex\listings\lstlang1.sty") [2] [3]
  ("C:\Program Files\MiKTeX 2.8\tex\latex\base\omscmr.fd")
  Underfull \hbox (badness 1715) in paragraph at lines 407--407
  [][][]\OT1/cmr/m/n/8 Languages that do not sup-port \OT1/cmtt/m/n/8 out \OT1/cm
  r/m/n/8 pa-ram-e-ters can use al-ter-na-tive meth-ods \OT1/cmtt/m/n/8 CreateCha
  nnel() \OT1/cmr/m/n/8 and
  [4] [5] [6] [7] [8] [9] [10] [11] [12] [13] [14]
  (C:\crusso\scalablejoins\Doc\tutorial.bbl
  Underfull \hbox (badness 3078) in paragraph at lines 9--13
  []\OT1/cmr/m/n/10 N. Ben-ton.  Jin-gle bells: Solv-ing the Santa Claus prob-lem
   in Poly-phonic [],
  [15]) [16] (C:\crusso\scalablejoins\Doc\tutorial.aux)
  
EXEC : LaTeX warning : There were multiply-defined labels.
  
   )
  (see the transcript file for additional information)<C:/Program Files/MiKTeX 2.
  8/fonts/type1/public/amsfonts/cm/cmbx10.pfb><C:/Program Files/MiKTeX 2.8/fonts/
  type1/public/amsfonts/cm/cmbx12.pfb><C:/Program Files/MiKTeX 2.8/fonts/type1/pu
  blic/amsfonts/cm/cmitt10.pfb><C:/Program Files/MiKTeX 2.8/fonts/type1/public/am
  sfonts/cm/cmmi10.pfb><C:/Program Files/MiKTeX 2.8/fonts/type1/public/amsfonts/c
  m/cmmi7.pfb><C:/Program Files/MiKTeX 2.8/fonts/type1/public/amsfonts/cm/cmmi8.p
  fb><C:/Program Files/MiKTeX 2.8/fonts/type1/public/amsfonts/cm/cmr10.pfb><C:/Pr
  ogram Files/MiKTeX 2.8/fonts/type1/public/amsfonts/cm/cmr12.pfb><C:/Program Fil
  es/MiKTeX 2.8/fonts/type1/public/amsfonts/cm/cmr17.pfb><C:/Program Files/MiKTeX
   2.8/fonts/type1/public/amsfonts/cm/cmr6.pfb><C:/Program Files/MiKTeX 2.8/fonts
  /type1/public/amsfonts/cm/cmr7.pfb><C:/Program Files/MiKTeX 2.8/fonts/type1/pub
  lic/amsfonts/cm/cmr8.pfb><C:/Program Files/MiKTeX 2.8/fonts/type1/public/amsfon
  ts/cm/cmsy10.pfb><C:/Program Files/MiKTeX 2.8/fonts/type1/public/amsfonts/cm/cm
  ti10.pfb><C:/Program Files/MiKTeX 2.8/fonts/type1/public/amsfonts/cm/cmtt10.pfb
  ><C:/Program Files/MiKTeX 2.8/fonts/type1/public/amsfonts/cm/cmtt12.pfb><C:/Pro
  gram Files/MiKTeX 2.8/fonts/type1/public/amsfonts/cm/cmtt8.pfb><C:/Program File
  s/MiKTeX 2.8/fonts/type1/public/amsfonts/cm/cmtt9.pfb>
  Output written on tutorial.pdf (16 pages, 357861 bytes).
  Transcript written on tutorial.log.
  	copy tutorial.pdf ..\Documentation\Tutorial.pdf
          1 file(s) copied.
